{"/Users/administrator/Desktop/FULLSTACK/web/TinyHouse/server/src/database/index.ts": {"path":"/Users/administrator/Desktop/FULLSTACK/web/TinyHouse/server/src/database/index.ts","statementMap":{"0":{"start":{"line":1,"column":0},"end":{"line":1,"column":38}},"1":{"start":{"line":5,"column":13},"end":{"line":5,"column":32}},"2":{"start":{"line":6,"column":21},"end":{"line":6,"column":49}},"3":{"start":{"line":7,"column":16},"end":{"line":7,"column":38}},"4":{"start":{"line":9,"column":12},"end":{"line":9,"column":111}},"5":{"start":{"line":11,"column":13},"end":{"line":29,"column":2}},"6":{"start":{"line":11,"column":61},"end":{"line":29,"column":2}},"7":{"start":{"line":12,"column":4},"end":{"line":28,"column":null}},"8":{"start":{"line":13,"column":23},"end":{"line":16,"column":10}},"9":{"start":{"line":18,"column":19},"end":{"line":18,"column":36}},"10":{"start":{"line":20,"column":8},"end":{"line":25,"column":10}},"11":{"start":{"line":27,"column":8},"end":{"line":27,"column":75}}},"fnMap":{"0":{"name":"(anonymous_7)","decl":{"start":{"line":11,"column":31},"end":{"line":11,"column":59}},"loc":{"start":{"line":11,"column":61},"end":{"line":29,"column":2}}},"1":{"name":"(anonymous_8)","decl":{"start":{"line":11,"column":61},"end":{"line":11,"column":null}},"loc":{"start":{"line":11,"column":61},"end":{"line":29,"column":1}}}},"branchMap":{},"s":{"0":3,"1":3,"2":3,"3":3,"4":3,"5":3,"6":3,"7":3,"8":3,"9":3,"10":3,"11":0},"f":{"0":3,"1":3},"b":{}}
,"/Users/administrator/Desktop/FULLSTACK/web/TinyHouse/server/src/lib/types.ts": {"path":"/Users/administrator/Desktop/FULLSTACK/web/TinyHouse/server/src/lib/types.ts","statementMap":{"0":{"start":{"line":4,"column":0},"end":{"line":4,"column":null}},"1":{"start":{"line":5,"column":4},"end":{"line":5,"column":null}},"2":{"start":{"line":6,"column":4},"end":{"line":6,"column":null}},"3":{"start":{"line":9,"column":0},"end":{"line":9,"column":null}},"4":{"start":{"line":10,"column":4},"end":{"line":10,"column":null}},"5":{"start":{"line":11,"column":4},"end":{"line":11,"column":null}}},"fnMap":{"0":{"name":"(anonymous_0)","decl":{"start":{"line":4,"column":0},"end":{"line":4,"column":12}},"loc":{"start":{"line":4,"column":23},"end":{"line":7,"column":1}}},"1":{"name":"(anonymous_1)","decl":{"start":{"line":9,"column":0},"end":{"line":9,"column":12}},"loc":{"start":{"line":9,"column":26},"end":{"line":12,"column":1}}}},"branchMap":{"0":{"loc":{"start":{"line":4,"column":12},"end":{"line":4,"column":23}},"type":"binary-expr","locations":[{"start":{"line":4,"column":12},"end":{"line":4,"column":23}},{"start":{"line":4,"column":12},"end":{"line":4,"column":null}}]},"1":{"loc":{"start":{"line":9,"column":12},"end":{"line":9,"column":26}},"type":"binary-expr","locations":[{"start":{"line":9,"column":12},"end":{"line":9,"column":26}},{"start":{"line":9,"column":12},"end":{"line":9,"column":null}}]}},"s":{"0":1,"1":1,"2":1,"3":1,"4":1,"5":1},"f":{"0":1,"1":1},"b":{"0":[1,1],"1":[1,1]}}
,"/Users/administrator/Desktop/FULLSTACK/web/TinyHouse/server/src/lib/utils/index.ts": {"path":"/Users/administrator/Desktop/FULLSTACK/web/TinyHouse/server/src/lib/utils/index.ts","statementMap":{"0":{"start":{"line":6,"column":13},"end":{"line":13,"column":2}},"1":{"start":{"line":6,"column":90},"end":{"line":13,"column":2}},"2":{"start":{"line":7,"column":18},"end":{"line":7,"column":41}},"3":{"start":{"line":8,"column":19},"end":{"line":11,"column":6}},"4":{"start":{"line":12,"column":4},"end":{"line":12,"column":18}}},"fnMap":{"0":{"name":"(anonymous_7)","decl":{"start":{"line":6,"column":25},"end":{"line":6,"column":32}},"loc":{"start":{"line":6,"column":90},"end":{"line":13,"column":2}}},"1":{"name":"(anonymous_8)","decl":{"start":{"line":6,"column":90},"end":{"line":6,"column":null}},"loc":{"start":{"line":6,"column":90},"end":{"line":13,"column":1}}}},"branchMap":{},"s":{"0":2,"1":2,"2":2,"3":2,"4":2},"f":{"0":2,"1":2},"b":{}}
,"/Users/administrator/Desktop/FULLSTACK/web/TinyHouse/server/src/services/auth.service.ts": {"path":"/Users/administrator/Desktop/FULLSTACK/web/TinyHouse/server/src/services/auth.service.ts","statementMap":{"0":{"start":{"line":1,"column":0},"end":{"line":1,"column":36}},"1":{"start":{"line":2,"column":0},"end":{"line":2,"column":28}},"2":{"start":{"line":9,"column":4},"end":{"line":14,"column":6}},"3":{"start":{"line":19,"column":11},"end":{"line":25,"column":6}},"4":{"start":{"line":19,"column":54},"end":{"line":25,"column":6}},"5":{"start":{"line":20,"column":8},"end":{"line":24,"column":null}},"6":{"start":{"line":21,"column":12},"end":{"line":21,"column":58}},"7":{"start":{"line":23,"column":12},"end":{"line":23,"column":79}},"8":{"start":{"line":30,"column":11},"end":{"line":60,"column":6}},"9":{"start":{"line":35,"column":26},"end":{"line":60,"column":6}},"10":{"start":{"line":36,"column":40},"end":{"line":36,"column":46}},"11":{"start":{"line":37,"column":8},"end":{"line":59,"column":null}},"12":{"start":{"line":38,"column":25},"end":{"line":38,"column":50}},"13":{"start":{"line":40,"column":26},"end":{"line":40,"column":64}},"14":{"start":{"line":42,"column":51},"end":{"line":44,"column":74}},"15":{"start":{"line":46,"column":12},"end":{"line":48,"column":null}},"16":{"start":{"line":47,"column":16},"end":{"line":47,"column":44}},"17":{"start":{"line":50,"column":12},"end":{"line":56,"column":14}},"18":{"start":{"line":58,"column":12},"end":{"line":58,"column":64}},"19":{"start":{"line":65,"column":11},"end":{"line":74,"column":6}},"20":{"start":{"line":66,"column":24},"end":{"line":66,"column":30}},"21":{"start":{"line":67,"column":8},"end":{"line":73,"column":null}},"22":{"start":{"line":69,"column":12},"end":{"line":69,"column":58}},"23":{"start":{"line":70,"column":12},"end":{"line":70,"column":40}},"24":{"start":{"line":72,"column":12},"end":{"line":72,"column":58}},"25":{"start":{"line":76,"column":12},"end":{"line":99,"column":6}},"26":{"start":{"line":81,"column":41},"end":{"line":99,"column":6}},"27":{"start":{"line":82,"column":8},"end":{"line":98,"column":null}},"28":{"start":{"line":83,"column":30},"end":{"line":86,"column":null}},"29":{"start":{"line":89,"column":27},"end":{"line":89,"column":42}},"30":{"start":{"line":91,"column":12},"end":{"line":93,"column":null}},"31":{"start":{"line":92,"column":16},"end":{"line":92,"column":62}},"32":{"start":{"line":95,"column":12},"end":{"line":95,"column":43}},"33":{"start":{"line":97,"column":12},"end":{"line":97,"column":41}},"34":{"start":{"line":101,"column":12},"end":{"line":177,"column":6}},"35":{"start":{"line":106,"column":41},"end":{"line":177,"column":6}},"36":{"start":{"line":107,"column":8},"end":{"line":176,"column":null}},"37":{"start":{"line":108,"column":39},"end":{"line":108,"column":70}},"38":{"start":{"line":109,"column":29},"end":{"line":109,"column":32}},"39":{"start":{"line":110,"column":12},"end":{"line":112,"column":null}},"40":{"start":{"line":111,"column":16},"end":{"line":111,"column":54}},"41":{"start":{"line":115,"column":34},"end":{"line":115,"column":85}},"42":{"start":{"line":116,"column":35},"end":{"line":116,"column":89}},"43":{"start":{"line":117,"column":35},"end":{"line":117,"column":113}},"44":{"start":{"line":120,"column":29},"end":{"line":120,"column":80}},"45":{"start":{"line":123,"column":16},"end":{"line":125,"column":26}},"46":{"start":{"line":127,"column":31},"end":{"line":127,"column":101}},"47":{"start":{"line":129,"column":30},"end":{"line":129,"column":104}},"48":{"start":{"line":131,"column":12},"end":{"line":133,"column":null}},"49":{"start":{"line":132,"column":16},"end":{"line":132,"column":54}},"50":{"start":{"line":136,"column":30},"end":{"line":148,"column":null}},"51":{"start":{"line":152,"column":25},"end":{"line":152,"column":40}},"52":{"start":{"line":153,"column":12},"end":{"line":166,"column":null}},"53":{"start":{"line":154,"column":37},"end":{"line":163,"column":18}},"54":{"start":{"line":165,"column":16},"end":{"line":165,"column":45}},"55":{"start":{"line":168,"column":12},"end":{"line":171,"column":15}},"56":{"start":{"line":173,"column":12},"end":{"line":173,"column":26}},"57":{"start":{"line":175,"column":12},"end":{"line":175,"column":68}},"58":{"start":{"line":7,"column":0},"end":{"line":7,"column":13}}},"fnMap":{"0":{"name":"(anonymous_8)","decl":{"start":{"line":7,"column":0},"end":{"line":7,"column":13}},"loc":{"start":{"line":7,"column":0},"end":{"line":178,"column":1}}},"1":{"name":"(anonymous_9)","decl":{"start":{"line":19,"column":26},"end":{"line":19,"column":52}},"loc":{"start":{"line":19,"column":54},"end":{"line":25,"column":6}}},"2":{"name":"(anonymous_10)","decl":{"start":{"line":19,"column":54},"end":{"line":19,"column":null}},"loc":{"start":{"line":19,"column":54},"end":{"line":25,"column":5}}},"3":{"name":"(anonymous_11)","decl":{"start":{"line":30,"column":27},"end":{"line":30,"column":34}},"loc":{"start":{"line":35,"column":26},"end":{"line":60,"column":6}}},"4":{"name":"(anonymous_12)","decl":{"start":{"line":35,"column":26},"end":{"line":35,"column":null}},"loc":{"start":{"line":35,"column":26},"end":{"line":60,"column":5}}},"5":{"name":"(anonymous_13)","decl":{"start":{"line":65,"column":28},"end":{"line":65,"column":29}},"loc":{"start":{"line":65,"column":66},"end":{"line":74,"column":5}}},"6":{"name":"(anonymous_14)","decl":{"start":{"line":76,"column":39},"end":{"line":76,"column":null}},"loc":{"start":{"line":81,"column":41},"end":{"line":99,"column":6}}},"7":{"name":"(anonymous_15)","decl":{"start":{"line":81,"column":41},"end":{"line":81,"column":null}},"loc":{"start":{"line":81,"column":41},"end":{"line":99,"column":5}}},"8":{"name":"(anonymous_16)","decl":{"start":{"line":101,"column":39},"end":{"line":101,"column":null}},"loc":{"start":{"line":106,"column":41},"end":{"line":177,"column":6}}},"9":{"name":"(anonymous_17)","decl":{"start":{"line":106,"column":41},"end":{"line":106,"column":null}},"loc":{"start":{"line":106,"column":41},"end":{"line":177,"column":5}}}},"branchMap":{"0":{"loc":{"start":{"line":13,"column":57},"end":{"line":13,"column":62}},"type":"cond-expr","locations":[{"start":{"line":13,"column":57},"end":{"line":13,"column":62}},{"start":{"line":13,"column":65},"end":{"line":13,"column":69}}]},"1":{"loc":{"start":{"line":38,"column":33},"end":{"line":38,"column":43}},"type":"cond-expr","locations":[{"start":{"line":38,"column":33},"end":{"line":38,"column":43}},{"start":{"line":38,"column":46},"end":{"line":38,"column":50}}]},"2":{"loc":{"start":{"line":43,"column":18},"end":{"line":43,"column":75}},"type":"cond-expr","locations":[{"start":{"line":43,"column":18},"end":{"line":43,"column":75}},{"start":{"line":44,"column":18},"end":{"line":44,"column":74}}]},"3":{"loc":{"start":{"line":46,"column":12},"end":{"line":48,"column":null}},"type":"if","locations":[{"start":{"line":46,"column":12},"end":{"line":48,"column":null}},{"start":{"line":46,"column":12},"end":{"line":48,"column":null}}]},"4":{"loc":{"start":{"line":91,"column":12},"end":{"line":93,"column":null}},"type":"if","locations":[{"start":{"line":91,"column":12},"end":{"line":93,"column":null}},{"start":{"line":91,"column":12},"end":{"line":93,"column":null}}]},"5":{"loc":{"start":{"line":110,"column":12},"end":{"line":112,"column":null}},"type":"if","locations":[{"start":{"line":110,"column":12},"end":{"line":112,"column":null}},{"start":{"line":110,"column":12},"end":{"line":112,"column":null}}]},"6":{"loc":{"start":{"line":115,"column":68},"end":{"line":115,"column":78}},"type":"cond-expr","locations":[{"start":{"line":115,"column":68},"end":{"line":115,"column":78}},{"start":{"line":115,"column":81},"end":{"line":115,"column":85}}]},"7":{"loc":{"start":{"line":115,"column":34},"end":{"line":115,"column":44}},"type":"binary-expr","locations":[{"start":{"line":115,"column":34},"end":{"line":115,"column":44}},{"start":{"line":115,"column":48},"end":{"line":115,"column":65}}]},"8":{"loc":{"start":{"line":116,"column":71},"end":{"line":116,"column":82}},"type":"cond-expr","locations":[{"start":{"line":116,"column":71},"end":{"line":116,"column":82}},{"start":{"line":116,"column":85},"end":{"line":116,"column":89}}]},"9":{"loc":{"start":{"line":116,"column":35},"end":{"line":116,"column":46}},"type":"binary-expr","locations":[{"start":{"line":116,"column":35},"end":{"line":116,"column":46}},{"start":{"line":116,"column":50},"end":{"line":116,"column":68}}]},"10":{"loc":{"start":{"line":117,"column":87},"end":{"line":117,"column":106}},"type":"cond-expr","locations":[{"start":{"line":117,"column":87},"end":{"line":117,"column":106}},{"start":{"line":117,"column":109},"end":{"line":117,"column":113}}]},"11":{"loc":{"start":{"line":117,"column":35},"end":{"line":117,"column":54}},"type":"binary-expr","locations":[{"start":{"line":117,"column":35},"end":{"line":117,"column":54}},{"start":{"line":117,"column":58},"end":{"line":117,"column":84}}]},"12":{"loc":{"start":{"line":120,"column":45},"end":{"line":120,"column":73}},"type":"cond-expr","locations":[{"start":{"line":120,"column":45},"end":{"line":120,"column":73}},{"start":{"line":120,"column":76},"end":{"line":120,"column":80}}]},"13":{"loc":{"start":{"line":124,"column":22},"end":{"line":124,"column":57}},"type":"cond-expr","locations":[{"start":{"line":124,"column":22},"end":{"line":124,"column":57}},{"start":{"line":125,"column":22},"end":{"line":125,"column":26}}]},"14":{"loc":{"start":{"line":123,"column":16},"end":{"line":123,"column":29}},"type":"binary-expr","locations":[{"start":{"line":123,"column":16},"end":{"line":123,"column":29}},{"start":{"line":123,"column":33},"end":{"line":123,"column":58}},{"start":{"line":123,"column":62},"end":{"line":123,"column":94}}]},"15":{"loc":{"start":{"line":127,"column":73},"end":{"line":127,"column":94}},"type":"cond-expr","locations":[{"start":{"line":127,"column":73},"end":{"line":127,"column":94}},{"start":{"line":127,"column":97},"end":{"line":127,"column":101}}]},"16":{"loc":{"start":{"line":127,"column":31},"end":{"line":127,"column":45}},"type":"binary-expr","locations":[{"start":{"line":127,"column":31},"end":{"line":127,"column":45}},{"start":{"line":127,"column":49},"end":{"line":127,"column":70}}]},"17":{"loc":{"start":{"line":129,"column":74},"end":{"line":129,"column":97}},"type":"cond-expr","locations":[{"start":{"line":129,"column":74},"end":{"line":129,"column":97}},{"start":{"line":129,"column":100},"end":{"line":129,"column":104}}]},"18":{"loc":{"start":{"line":129,"column":30},"end":{"line":129,"column":44}},"type":"binary-expr","locations":[{"start":{"line":129,"column":30},"end":{"line":129,"column":44}},{"start":{"line":129,"column":48},"end":{"line":129,"column":71}}]},"19":{"loc":{"start":{"line":131,"column":12},"end":{"line":133,"column":null}},"type":"if","locations":[{"start":{"line":131,"column":12},"end":{"line":133,"column":null}},{"start":{"line":131,"column":12},"end":{"line":133,"column":null}}]},"20":{"loc":{"start":{"line":131,"column":16},"end":{"line":131,"column":23}},"type":"binary-expr","locations":[{"start":{"line":131,"column":16},"end":{"line":131,"column":23}},{"start":{"line":131,"column":27},"end":{"line":131,"column":36}},{"start":{"line":131,"column":40},"end":{"line":131,"column":51}},{"start":{"line":131,"column":55},"end":{"line":131,"column":65}}]},"21":{"loc":{"start":{"line":153,"column":12},"end":{"line":166,"column":null}},"type":"if","locations":[{"start":{"line":153,"column":12},"end":{"line":166,"column":null}},{"start":{"line":153,"column":12},"end":{"line":166,"column":null}}]}},"s":{"0":1,"1":1,"2":1,"3":1,"4":1,"5":1,"6":1,"7":0,"8":1,"9":1,"10":1,"11":1,"12":1,"13":1,"14":1,"15":1,"16":0,"17":1,"18":0,"19":1,"20":0,"21":0,"22":0,"23":0,"24":0,"25":1,"26":1,"27":1,"28":1,"29":1,"30":1,"31":0,"32":1,"33":0,"34":1,"35":0,"36":0,"37":0,"38":0,"39":0,"40":0,"41":0,"42":0,"43":0,"44":0,"45":0,"46":0,"47":0,"48":0,"49":0,"50":0,"51":0,"52":0,"53":0,"54":0,"55":0,"56":0,"57":0,"58":1},"f":{"0":1,"1":1,"2":1,"3":1,"4":1,"5":0,"6":1,"7":1,"8":0,"9":0},"b":{"0":[0,1],"1":[0,1],"2":[0,1],"3":[0,1],"4":[0,1],"5":[0,0],"6":[0,0],"7":[0,0],"8":[0,0],"9":[0,0],"10":[0,0],"11":[0,0],"12":[0,0],"13":[0,0],"14":[0,0,0],"15":[0,0],"16":[0,0],"17":[0,0],"18":[0,0],"19":[0,0],"20":[0,0,0,0],"21":[0,0]}}
,"/Users/administrator/Desktop/FULLSTACK/web/TinyHouse/server/src/services/listing.service.ts": {"path":"/Users/administrator/Desktop/FULLSTACK/web/TinyHouse/server/src/services/listing.service.ts","statementMap":{"0":{"start":{"line":1,"column":0},"end":{"line":1,"column":35}},"1":{"start":{"line":4,"column":0},"end":{"line":4,"column":null}},"2":{"start":{"line":12,"column":0},"end":{"line":12,"column":41}},"3":{"start":{"line":13,"column":0},"end":{"line":13,"column":36}},"4":{"start":{"line":20,"column":11},"end":{"line":35,"column":6}},"5":{"start":{"line":20,"column":111},"end":{"line":35,"column":6}},"6":{"start":{"line":21,"column":32},"end":{"line":21,"column":38}},"7":{"start":{"line":22,"column":8},"end":{"line":34,"column":null}},"8":{"start":{"line":23,"column":28},"end":{"line":23,"column":80}},"9":{"start":{"line":24,"column":12},"end":{"line":26,"column":null}},"10":{"start":{"line":25,"column":16},"end":{"line":25,"column":59}},"11":{"start":{"line":27,"column":27},"end":{"line":27,"column":51}},"12":{"start":{"line":28,"column":12},"end":{"line":30,"column":null}},"13":{"start":{"line":29,"column":16},"end":{"line":29,"column":42}},"14":{"start":{"line":31,"column":12},"end":{"line":31,"column":44}},"15":{"start":{"line":33,"column":12},"end":{"line":33,"column":71}},"16":{"start":{"line":41,"column":11},"end":{"line":89,"column":6}},"17":{"start":{"line":47,"column":32},"end":{"line":89,"column":6}},"18":{"start":{"line":48,"column":54},"end":{"line":48,"column":60}},"19":{"start":{"line":49,"column":8},"end":{"line":88,"column":null}},"20":{"start":{"line":50,"column":48},"end":{"line":50,"column":50}},"21":{"start":{"line":51,"column":39},"end":{"line":51,"column":77}},"22":{"start":{"line":53,"column":12},"end":{"line":66,"column":null}},"23":{"start":{"line":54,"column":70},"end":{"line":54,"column":100}},"24":{"start":{"line":55,"column":16},"end":{"line":55,"column":44}},"25":{"start":{"line":55,"column":26},"end":{"line":55,"column":44}},"26":{"start":{"line":56,"column":16},"end":{"line":56,"column":47}},"27":{"start":{"line":56,"column":27},"end":{"line":56,"column":47}},"28":{"start":{"line":57,"column":16},"end":{"line":61,"column":null}},"29":{"start":{"line":58,"column":20},"end":{"line":58,"column":44}},"30":{"start":{"line":60,"column":20},"end":{"line":60,"column":56}},"31":{"start":{"line":63,"column":33},"end":{"line":63,"column":56}},"32":{"start":{"line":64,"column":34},"end":{"line":64,"column":59}},"33":{"start":{"line":65,"column":16},"end":{"line":65,"column":66}},"34":{"start":{"line":68,"column":25},"end":{"line":68,"column":54}},"35":{"start":{"line":70,"column":12},"end":{"line":73,"column":null}},"36":{"start":{"line":72,"column":16},"end":{"line":72,"column":51}},"37":{"start":{"line":75,"column":12},"end":{"line":77,"column":null}},"38":{"start":{"line":76,"column":16},"end":{"line":76,"column":52}},"39":{"start":{"line":79,"column":12},"end":{"line":79,"column":68}},"40":{"start":{"line":80,"column":12},"end":{"line":80,"column":41}},"41":{"start":{"line":82,"column":12},"end":{"line":82,"column":46}},"42":{"start":{"line":83,"column":12},"end":{"line":83,"column":49}},"43":{"start":{"line":85,"column":12},"end":{"line":85,"column":41}},"44":{"start":{"line":87,"column":12},"end":{"line":87,"column":72}},"45":{"start":{"line":15,"column":0},"end":{"line":15,"column":13}}},"fnMap":{"0":{"name":"(anonymous_7)","decl":{"start":{"line":15,"column":0},"end":{"line":15,"column":13}},"loc":{"start":{"line":15,"column":0},"end":{"line":90,"column":1}}},"1":{"name":"(anonymous_8)","decl":{"start":{"line":20,"column":26},"end":{"line":20,"column":33}},"loc":{"start":{"line":20,"column":111},"end":{"line":35,"column":6}}},"2":{"name":"(anonymous_9)","decl":{"start":{"line":20,"column":111},"end":{"line":20,"column":null}},"loc":{"start":{"line":20,"column":111},"end":{"line":35,"column":5}}},"3":{"name":"(anonymous_10)","decl":{"start":{"line":41,"column":27},"end":{"line":41,"column":34}},"loc":{"start":{"line":47,"column":32},"end":{"line":89,"column":6}}},"4":{"name":"(anonymous_11)","decl":{"start":{"line":47,"column":32},"end":{"line":47,"column":null}},"loc":{"start":{"line":47,"column":32},"end":{"line":89,"column":5}}}},"branchMap":{"0":{"loc":{"start":{"line":24,"column":12},"end":{"line":26,"column":null}},"type":"if","locations":[{"start":{"line":24,"column":12},"end":{"line":26,"column":null}},{"start":{"line":24,"column":12},"end":{"line":26,"column":null}}]},"1":{"loc":{"start":{"line":28,"column":12},"end":{"line":30,"column":null}},"type":"if","locations":[{"start":{"line":28,"column":12},"end":{"line":30,"column":null}},{"start":{"line":28,"column":12},"end":{"line":30,"column":null}}]},"2":{"loc":{"start":{"line":28,"column":16},"end":{"line":28,"column":22}},"type":"binary-expr","locations":[{"start":{"line":28,"column":16},"end":{"line":28,"column":22}},{"start":{"line":28,"column":26},"end":{"line":28,"column":53}}]},"3":{"loc":{"start":{"line":53,"column":12},"end":{"line":66,"column":null}},"type":"if","locations":[{"start":{"line":53,"column":12},"end":{"line":66,"column":null}},{"start":{"line":53,"column":12},"end":{"line":66,"column":null}}]},"4":{"loc":{"start":{"line":55,"column":16},"end":{"line":55,"column":44}},"type":"if","locations":[{"start":{"line":55,"column":16},"end":{"line":55,"column":44}},{"start":{"line":55,"column":16},"end":{"line":55,"column":44}}]},"5":{"loc":{"start":{"line":56,"column":16},"end":{"line":56,"column":47}},"type":"if","locations":[{"start":{"line":56,"column":16},"end":{"line":56,"column":47}},{"start":{"line":56,"column":16},"end":{"line":56,"column":47}}]},"6":{"loc":{"start":{"line":57,"column":16},"end":{"line":61,"column":null}},"type":"if","locations":[{"start":{"line":57,"column":16},"end":{"line":61,"column":null}},{"start":{"line":57,"column":16},"end":{"line":61,"column":null}}]},"7":{"loc":{"start":{"line":63,"column":40},"end":{"line":63,"column":51}},"type":"cond-expr","locations":[{"start":{"line":63,"column":40},"end":{"line":63,"column":51}},{"start":{"line":63,"column":54},"end":{"line":63,"column":56}}]},"8":{"loc":{"start":{"line":64,"column":42},"end":{"line":64,"column":54}},"type":"cond-expr","locations":[{"start":{"line":64,"column":42},"end":{"line":64,"column":54}},{"start":{"line":64,"column":57},"end":{"line":64,"column":59}}]},"9":{"loc":{"start":{"line":70,"column":12},"end":{"line":73,"column":null}},"type":"if","locations":[{"start":{"line":70,"column":12},"end":{"line":73,"column":null}},{"start":{"line":70,"column":12},"end":{"line":73,"column":null}}]},"10":{"loc":{"start":{"line":70,"column":16},"end":{"line":70,"column":22}},"type":"binary-expr","locations":[{"start":{"line":70,"column":16},"end":{"line":70,"column":22}},{"start":{"line":70,"column":26},"end":{"line":70,"column":69}}]},"11":{"loc":{"start":{"line":75,"column":12},"end":{"line":77,"column":null}},"type":"if","locations":[{"start":{"line":75,"column":12},"end":{"line":77,"column":null}},{"start":{"line":75,"column":12},"end":{"line":77,"column":null}}]},"12":{"loc":{"start":{"line":75,"column":16},"end":{"line":75,"column":22}},"type":"binary-expr","locations":[{"start":{"line":75,"column":16},"end":{"line":75,"column":22}},{"start":{"line":75,"column":26},"end":{"line":75,"column":69}}]},"13":{"loc":{"start":{"line":79,"column":44},"end":{"line":79,"column":62}},"type":"cond-expr","locations":[{"start":{"line":79,"column":44},"end":{"line":79,"column":62}},{"start":{"line":79,"column":65},"end":{"line":79,"column":66}}]}},"s":{"0":1,"1":1,"2":1,"3":1,"4":1,"5":1,"6":1,"7":1,"8":1,"9":1,"10":0,"11":1,"12":1,"13":0,"14":1,"15":0,"16":1,"17":1,"18":1,"19":1,"20":1,"21":1,"22":1,"23":0,"24":0,"25":0,"26":0,"27":0,"28":0,"29":0,"30":0,"31":0,"32":0,"33":0,"34":1,"35":1,"36":1,"37":1,"38":0,"39":1,"40":1,"41":1,"42":1,"43":1,"44":0,"45":1},"f":{"0":1,"1":1,"2":1,"3":1,"4":1},"b":{"0":[0,1],"1":[0,1],"2":[1,0],"3":[0,1],"4":[0,0],"5":[0,0],"6":[0,0],"7":[0,0],"8":[0,0],"9":[1,0],"10":[1,1],"11":[0,1],"12":[1,1],"13":[1,0]}}
,"/Users/administrator/Desktop/FULLSTACK/web/TinyHouse/server/src/services/user.service.ts": {"path":"/Users/administrator/Desktop/FULLSTACK/web/TinyHouse/server/src/services/user.service.ts","statementMap":{"0":{"start":{"line":3,"column":0},"end":{"line":3,"column":36}},"1":{"start":{"line":5,"column":0},"end":{"line":5,"column":41}},"2":{"start":{"line":12,"column":11},"end":{"line":28,"column":6}},"3":{"start":{"line":12,"column":105},"end":{"line":28,"column":6}},"4":{"start":{"line":13,"column":32},"end":{"line":13,"column":38}},"5":{"start":{"line":14,"column":8},"end":{"line":27,"column":null}},"6":{"start":{"line":15,"column":25},"end":{"line":15,"column":60}},"7":{"start":{"line":16,"column":12},"end":{"line":18,"column":null}},"8":{"start":{"line":17,"column":16},"end":{"line":17,"column":54}},"9":{"start":{"line":20,"column":27},"end":{"line":20,"column":51}},"10":{"start":{"line":21,"column":12},"end":{"line":23,"column":null}},"11":{"start":{"line":22,"column":16},"end":{"line":22,"column":39}},"12":{"start":{"line":24,"column":12},"end":{"line":24,"column":41}},"13":{"start":{"line":26,"column":12},"end":{"line":26,"column":68}},"14":{"start":{"line":33,"column":11},"end":{"line":72,"column":6}},"15":{"start":{"line":37,"column":26},"end":{"line":72,"column":6}},"16":{"start":{"line":38,"column":35},"end":{"line":38,"column":41}},"17":{"start":{"line":39,"column":8},"end":{"line":71,"column":null}},"18":{"start":{"line":40,"column":29},"end":{"line":40,"column":34}},"19":{"start":{"line":41,"column":25},"end":{"line":41,"column":49}},"20":{"start":{"line":42,"column":12},"end":{"line":44,"column":null}},"21":{"start":{"line":43,"column":16},"end":{"line":43,"column":76}},"22":{"start":{"line":46,"column":27},"end":{"line":46,"column":53}},"23":{"start":{"line":47,"column":12},"end":{"line":49,"column":null}},"24":{"start":{"line":48,"column":16},"end":{"line":48,"column":54}},"25":{"start":{"line":51,"column":30},"end":{"line":54,"column":null}},"26":{"start":{"line":56,"column":12},"end":{"line":58,"column":null}},"27":{"start":{"line":57,"column":16},"end":{"line":57,"column":63}},"28":{"start":{"line":60,"column":12},"end":{"line":60,"column":37}},"29":{"start":{"line":62,"column":12},"end":{"line":68,"column":14}},"30":{"start":{"line":70,"column":12},"end":{"line":70,"column":75}},"31":{"start":{"line":77,"column":11},"end":{"line":105,"column":6}},"32":{"start":{"line":77,"column":104},"end":{"line":105,"column":6}},"33":{"start":{"line":78,"column":28},"end":{"line":78,"column":34}},"34":{"start":{"line":79,"column":8},"end":{"line":104,"column":null}},"35":{"start":{"line":80,"column":25},"end":{"line":80,"column":49}},"36":{"start":{"line":81,"column":12},"end":{"line":83,"column":null}},"37":{"start":{"line":82,"column":16},"end":{"line":82,"column":76}},"38":{"start":{"line":84,"column":30},"end":{"line":87,"column":null}},"39":{"start":{"line":89,"column":12},"end":{"line":91,"column":null}},"40":{"start":{"line":90,"column":16},"end":{"line":90,"column":63}},"41":{"start":{"line":93,"column":12},"end":{"line":93,"column":37}},"42":{"start":{"line":95,"column":12},"end":{"line":101,"column":14}},"43":{"start":{"line":103,"column":12},"end":{"line":103,"column":80}},"44":{"start":{"line":7,"column":0},"end":{"line":7,"column":13}}},"fnMap":{"0":{"name":"(anonymous_7)","decl":{"start":{"line":7,"column":0},"end":{"line":7,"column":13}},"loc":{"start":{"line":7,"column":0},"end":{"line":106,"column":1}}},"1":{"name":"(anonymous_8)","decl":{"start":{"line":12,"column":23},"end":{"line":12,"column":30}},"loc":{"start":{"line":12,"column":105},"end":{"line":28,"column":6}}},"2":{"name":"(anonymous_9)","decl":{"start":{"line":12,"column":105},"end":{"line":12,"column":null}},"loc":{"start":{"line":12,"column":105},"end":{"line":28,"column":5}}},"3":{"name":"(anonymous_10)","decl":{"start":{"line":33,"column":35},"end":{"line":33,"column":42}},"loc":{"start":{"line":37,"column":26},"end":{"line":72,"column":6}}},"4":{"name":"(anonymous_11)","decl":{"start":{"line":37,"column":26},"end":{"line":37,"column":null}},"loc":{"start":{"line":37,"column":26},"end":{"line":72,"column":5}}},"5":{"name":"(anonymous_12)","decl":{"start":{"line":77,"column":38},"end":{"line":77,"column":45}},"loc":{"start":{"line":77,"column":104},"end":{"line":105,"column":6}}},"6":{"name":"(anonymous_13)","decl":{"start":{"line":77,"column":104},"end":{"line":77,"column":null}},"loc":{"start":{"line":77,"column":104},"end":{"line":105,"column":5}}}},"branchMap":{"0":{"loc":{"start":{"line":16,"column":12},"end":{"line":18,"column":null}},"type":"if","locations":[{"start":{"line":16,"column":12},"end":{"line":18,"column":null}},{"start":{"line":16,"column":12},"end":{"line":18,"column":null}}]},"1":{"loc":{"start":{"line":21,"column":12},"end":{"line":23,"column":null}},"type":"if","locations":[{"start":{"line":21,"column":12},"end":{"line":23,"column":null}},{"start":{"line":21,"column":12},"end":{"line":23,"column":null}}]},"2":{"loc":{"start":{"line":21,"column":16},"end":{"line":21,"column":22}},"type":"binary-expr","locations":[{"start":{"line":21,"column":16},"end":{"line":21,"column":22}},{"start":{"line":21,"column":26},"end":{"line":21,"column":49}}]},"3":{"loc":{"start":{"line":42,"column":12},"end":{"line":44,"column":null}},"type":"if","locations":[{"start":{"line":42,"column":12},"end":{"line":44,"column":null}},{"start":{"line":42,"column":12},"end":{"line":44,"column":null}}]},"4":{"loc":{"start":{"line":47,"column":12},"end":{"line":49,"column":null}},"type":"if","locations":[{"start":{"line":47,"column":12},"end":{"line":49,"column":null}},{"start":{"line":47,"column":12},"end":{"line":49,"column":null}}]},"5":{"loc":{"start":{"line":56,"column":12},"end":{"line":58,"column":null}},"type":"if","locations":[{"start":{"line":56,"column":12},"end":{"line":58,"column":null}},{"start":{"line":56,"column":12},"end":{"line":58,"column":null}}]},"6":{"loc":{"start":{"line":81,"column":12},"end":{"line":83,"column":null}},"type":"if","locations":[{"start":{"line":81,"column":12},"end":{"line":83,"column":null}},{"start":{"line":81,"column":12},"end":{"line":83,"column":null}}]},"7":{"loc":{"start":{"line":89,"column":12},"end":{"line":91,"column":null}},"type":"if","locations":[{"start":{"line":89,"column":12},"end":{"line":91,"column":null}},{"start":{"line":89,"column":12},"end":{"line":91,"column":null}}]}},"s":{"0":1,"1":1,"2":1,"3":1,"4":1,"5":1,"6":1,"7":1,"8":0,"9":1,"10":1,"11":0,"12":1,"13":0,"14":1,"15":0,"16":0,"17":0,"18":0,"19":0,"20":0,"21":0,"22":0,"23":0,"24":0,"25":0,"26":0,"27":0,"28":0,"29":0,"30":0,"31":1,"32":0,"33":0,"34":0,"35":0,"36":0,"37":0,"38":0,"39":0,"40":0,"41":0,"42":0,"43":0,"44":1},"f":{"0":1,"1":1,"2":1,"3":0,"4":0,"5":0,"6":0},"b":{"0":[0,1],"1":[0,1],"2":[1,0],"3":[0,0],"4":[0,0],"5":[0,0],"6":[0,0],"7":[0,0]}}
,"/Users/administrator/Desktop/FULLSTACK/web/TinyHouse/server/src/services/requests/Google.ts": {"path":"/Users/administrator/Desktop/FULLSTACK/web/TinyHouse/server/src/services/requests/Google.ts","statementMap":{"0":{"start":{"line":1,"column":0},"end":{"line":1,"column":36}},"1":{"start":{"line":2,"column":0},"end":{"line":2,"column":62}},"2":{"start":{"line":7,"column":13},"end":{"line":10,"column":null}},"3":{"start":{"line":13,"column":13},"end":{"line":13,"column":75}},"4":{"start":{"line":15,"column":21},"end":{"line":33,"column":1}},"5":{"start":{"line":16,"column":18},"end":{"line":16,"column":22}},"6":{"start":{"line":17,"column":16},"end":{"line":17,"column":20}},"7":{"start":{"line":18,"column":15},"end":{"line":18,"column":19}},"8":{"start":{"line":20,"column":4},"end":{"line":30,"column":null}},"9":{"start":{"line":21,"column":8},"end":{"line":23,"column":null}},"10":{"start":{"line":22,"column":12},"end":{"line":22,"column":42}},"11":{"start":{"line":24,"column":8},"end":{"line":26,"column":null}},"12":{"start":{"line":25,"column":12},"end":{"line":25,"column":40}},"13":{"start":{"line":27,"column":8},"end":{"line":29,"column":null}},"14":{"start":{"line":28,"column":12},"end":{"line":28,"column":39}},"15":{"start":{"line":32,"column":4},"end":{"line":32,"column":36}},"16":{"start":{"line":35,"column":13},"end":{"line":59,"column":2}},"17":{"start":{"line":40,"column":65},"end":{"line":51,"column":null}},"18":{"start":{"line":41,"column":27},"end":{"line":41,"column":52}},"19":{"start":{"line":43,"column":8},"end":{"line":43,"column":36}},"20":{"start":{"line":45,"column":25},"end":{"line":48,"column":10}},"21":{"start":{"line":50,"column":8},"end":{"line":50,"column":30}},"22":{"start":{"line":52,"column":69},"end":{"line":58,"column":null}},"23":{"start":{"line":53,"column":20},"end":{"line":53,"column":63}},"24":{"start":{"line":54,"column":8},"end":{"line":56,"column":null}},"25":{"start":{"line":55,"column":12},"end":{"line":55,"column":57}},"26":{"start":{"line":57,"column":8},"end":{"line":57,"column":68}}},"fnMap":{"0":{"name":"(anonymous_7)","decl":{"start":{"line":15,"column":21},"end":{"line":15,"column":22}},"loc":{"start":{"line":15,"column":71},"end":{"line":33,"column":1}}},"1":{"name":"(anonymous_8)","decl":{"start":{"line":40,"column":18},"end":{"line":40,"column":25}},"loc":{"start":{"line":40,"column":65},"end":{"line":51,"column":null}}},"2":{"name":"(anonymous_9)","decl":{"start":{"line":40,"column":65},"end":{"line":40,"column":null}},"loc":{"start":{"line":40,"column":65},"end":{"line":51,"column":5}}},"3":{"name":"(anonymous_10)","decl":{"start":{"line":52,"column":13},"end":{"line":52,"column":20}},"loc":{"start":{"line":52,"column":69},"end":{"line":58,"column":null}}},"4":{"name":"(anonymous_11)","decl":{"start":{"line":52,"column":69},"end":{"line":52,"column":null}},"loc":{"start":{"line":52,"column":69},"end":{"line":58,"column":5}}}},"branchMap":{"0":{"loc":{"start":{"line":21,"column":8},"end":{"line":23,"column":null}},"type":"if","locations":[{"start":{"line":21,"column":8},"end":{"line":23,"column":null}},{"start":{"line":21,"column":8},"end":{"line":23,"column":null}}]},"1":{"loc":{"start":{"line":24,"column":8},"end":{"line":26,"column":null}},"type":"if","locations":[{"start":{"line":24,"column":8},"end":{"line":26,"column":null}},{"start":{"line":24,"column":8},"end":{"line":26,"column":null}}]},"2":{"loc":{"start":{"line":27,"column":8},"end":{"line":29,"column":null}},"type":"if","locations":[{"start":{"line":27,"column":8},"end":{"line":29,"column":null}},{"start":{"line":27,"column":8},"end":{"line":29,"column":null}}]},"3":{"loc":{"start":{"line":27,"column":12},"end":{"line":27,"column":48}},"type":"binary-expr","locations":[{"start":{"line":27,"column":12},"end":{"line":27,"column":48}},{"start":{"line":27,"column":52},"end":{"line":27,"column":91}}]},"4":{"loc":{"start":{"line":54,"column":8},"end":{"line":56,"column":null}},"type":"if","locations":[{"start":{"line":54,"column":8},"end":{"line":56,"column":null}},{"start":{"line":54,"column":8},"end":{"line":56,"column":null}}]},"5":{"loc":{"start":{"line":54,"column":12},"end":{"line":54,"column":28}},"type":"binary-expr","locations":[{"start":{"line":54,"column":12},"end":{"line":54,"column":28}},{"start":{"line":54,"column":32},"end":{"line":54,"column":48}}]}},"s":{"0":3,"1":3,"2":3,"3":3,"4":3,"5":0,"6":0,"7":0,"8":0,"9":0,"10":0,"11":0,"12":0,"13":0,"14":0,"15":0,"16":3,"17":0,"18":0,"19":0,"20":0,"21":0,"22":0,"23":0,"24":0,"25":0,"26":0},"f":{"0":0,"1":0,"2":0,"3":0,"4":0},"b":{"0":[0,0],"1":[0,0],"2":[0,0],"3":[0,0],"4":[0,0],"5":[0,0]}}
,"/Users/administrator/Desktop/FULLSTACK/web/TinyHouse/server/src/services/requests/Stripe.ts": {"path":"/Users/administrator/Desktop/FULLSTACK/web/TinyHouse/server/src/services/requests/Stripe.ts","statementMap":{"0":{"start":{"line":1,"column":0},"end":{"line":1,"column":28}},"1":{"start":{"line":3,"column":15},"end":{"line":3,"column":86}},"2":{"start":{"line":5,"column":13},"end":{"line":15,"column":2}},"3":{"start":{"line":6,"column":64},"end":{"line":14,"column":null}},"4":{"start":{"line":7,"column":25},"end":{"line":12,"column":10}},"5":{"start":{"line":13,"column":8},"end":{"line":13,"column":24}}},"fnMap":{"0":{"name":"(anonymous_8)","decl":{"start":{"line":6,"column":13},"end":{"line":6,"column":20}},"loc":{"start":{"line":6,"column":64},"end":{"line":14,"column":null}}},"1":{"name":"(anonymous_9)","decl":{"start":{"line":6,"column":64},"end":{"line":6,"column":null}},"loc":{"start":{"line":6,"column":64},"end":{"line":14,"column":5}}}},"branchMap":{},"s":{"0":3,"1":3,"2":3,"3":0,"4":0,"5":0},"f":{"0":0,"1":0},"b":{}}
,"/Users/administrator/Desktop/FULLSTACK/web/TinyHouse/server/src/services/requests/index.ts": {"path":"/Users/administrator/Desktop/FULLSTACK/web/TinyHouse/server/src/services/requests/index.ts","statementMap":{"0":{"start":{"line":1,"column":0},"end":{"line":1,"column":25}},"1":{"start":{"line":2,"column":0},"end":{"line":2,"column":25}}},"fnMap":{},"branchMap":{},"s":{"0":3,"1":3},"f":{},"b":{}}
}
