TN:
SF:src/database/index.ts
FN:11,(anonymous_7)
FN:11,(anonymous_8)
FNF:2
FNH:2
FNDA:3,(anonymous_7)
FNDA:3,(anonymous_8)
DA:1,3
DA:5,3
DA:6,3
DA:7,3
DA:9,3
DA:11,3
DA:12,3
DA:13,3
DA:18,3
DA:20,3
DA:27,0
LF:11
LH:10
BRF:0
BRH:0
end_of_record
TN:
SF:src/lib/types.ts
FN:4,(anonymous_0)
FN:9,(anonymous_1)
FNF:2
FNH:2
FNDA:1,(anonymous_0)
FNDA:1,(anonymous_1)
DA:4,1
DA:5,1
DA:6,1
DA:9,1
DA:10,1
DA:11,1
LF:6
LH:6
BRDA:4,0,0,1
BRDA:4,0,1,1
BRDA:9,1,0,1
BRDA:9,1,1,1
BRF:4
BRH:4
end_of_record
TN:
SF:src/lib/utils/index.ts
FN:6,(anonymous_7)
FN:6,(anonymous_8)
FNF:2
FNH:2
FNDA:2,(anonymous_7)
FNDA:2,(anonymous_8)
DA:6,2
DA:7,2
DA:8,2
DA:12,2
LF:4
LH:4
BRF:0
BRH:0
end_of_record
TN:
SF:src/services/auth.service.ts
FN:7,(anonymous_8)
FN:19,(anonymous_9)
FN:19,(anonymous_10)
FN:30,(anonymous_11)
FN:35,(anonymous_12)
FN:65,(anonymous_13)
FN:76,(anonymous_14)
FN:81,(anonymous_15)
FN:101,(anonymous_16)
FN:106,(anonymous_17)
FNF:10
FNH:7
FNDA:1,(anonymous_8)
FNDA:1,(anonymous_9)
FNDA:1,(anonymous_10)
FNDA:1,(anonymous_11)
FNDA:1,(anonymous_12)
FNDA:0,(anonymous_13)
FNDA:1,(anonymous_14)
FNDA:1,(anonymous_15)
FNDA:0,(anonymous_16)
FNDA:0,(anonymous_17)
DA:1,1
DA:2,1
DA:7,1
DA:9,1
DA:19,1
DA:20,1
DA:21,1
DA:23,0
DA:30,1
DA:35,1
DA:36,1
DA:37,1
DA:38,1
DA:40,1
DA:42,1
DA:46,1
DA:47,0
DA:50,1
DA:58,0
DA:65,1
DA:66,0
DA:67,0
DA:69,0
DA:70,0
DA:72,0
DA:76,1
DA:81,1
DA:82,1
DA:83,1
DA:89,1
DA:91,1
DA:92,0
DA:95,1
DA:97,0
DA:101,1
DA:106,0
DA:107,0
DA:108,0
DA:109,0
DA:110,0
DA:111,0
DA:115,0
DA:116,0
DA:117,0
DA:120,0
DA:123,0
DA:127,0
DA:129,0
DA:131,0
DA:132,0
DA:136,0
DA:152,0
DA:153,0
DA:154,0
DA:165,0
DA:168,0
DA:173,0
DA:175,0
LF:58
LH:25
BRDA:13,0,0,0
BRDA:13,0,1,1
BRDA:38,1,0,0
BRDA:38,1,1,1
BRDA:43,2,0,0
BRDA:43,2,1,1
BRDA:46,3,0,0
BRDA:46,3,1,1
BRDA:91,4,0,0
BRDA:91,4,1,1
BRDA:110,5,0,0
BRDA:110,5,1,0
BRDA:115,6,0,0
BRDA:115,6,1,0
BRDA:115,7,0,0
BRDA:115,7,1,0
BRDA:116,8,0,0
BRDA:116,8,1,0
BRDA:116,9,0,0
BRDA:116,9,1,0
BRDA:117,10,0,0
BRDA:117,10,1,0
BRDA:117,11,0,0
BRDA:117,11,1,0
BRDA:120,12,0,0
BRDA:120,12,1,0
BRDA:124,13,0,0
BRDA:124,13,1,0
BRDA:123,14,0,0
BRDA:123,14,1,0
BRDA:123,14,2,0
BRDA:127,15,0,0
BRDA:127,15,1,0
BRDA:127,16,0,0
BRDA:127,16,1,0
BRDA:129,17,0,0
BRDA:129,17,1,0
BRDA:129,18,0,0
BRDA:129,18,1,0
BRDA:131,19,0,0
BRDA:131,19,1,0
BRDA:131,20,0,0
BRDA:131,20,1,0
BRDA:131,20,2,0
BRDA:131,20,3,0
BRDA:153,21,0,0
BRDA:153,21,1,0
BRF:47
BRH:5
end_of_record
TN:
SF:src/services/listing.service.ts
FN:15,(anonymous_7)
FN:20,(anonymous_8)
FN:20,(anonymous_9)
FN:41,(anonymous_10)
FN:47,(anonymous_11)
FNF:5
FNH:5
FNDA:1,(anonymous_7)
FNDA:1,(anonymous_8)
FNDA:1,(anonymous_9)
FNDA:1,(anonymous_10)
FNDA:1,(anonymous_11)
DA:1,1
DA:4,1
DA:12,1
DA:13,1
DA:15,1
DA:20,1
DA:21,1
DA:22,1
DA:23,1
DA:24,1
DA:25,0
DA:27,1
DA:28,1
DA:29,0
DA:31,1
DA:33,0
DA:41,1
DA:47,1
DA:48,1
DA:49,1
DA:50,1
DA:51,1
DA:53,1
DA:54,0
DA:55,0
DA:56,0
DA:57,0
DA:58,0
DA:60,0
DA:63,0
DA:64,0
DA:65,0
DA:68,1
DA:70,1
DA:72,1
DA:75,1
DA:76,0
DA:79,1
DA:80,1
DA:82,1
DA:83,1
DA:85,1
DA:87,0
LF:43
LH:29
BRDA:24,0,0,0
BRDA:24,0,1,1
BRDA:28,1,0,0
BRDA:28,1,1,1
BRDA:28,2,0,1
BRDA:28,2,1,0
BRDA:53,3,0,0
BRDA:53,3,1,1
BRDA:55,4,0,0
BRDA:55,4,1,0
BRDA:56,5,0,0
BRDA:56,5,1,0
BRDA:57,6,0,0
BRDA:57,6,1,0
BRDA:63,7,0,0
BRDA:63,7,1,0
BRDA:64,8,0,0
BRDA:64,8,1,0
BRDA:70,9,0,1
BRDA:70,9,1,0
BRDA:70,10,0,1
BRDA:70,10,1,1
BRDA:75,11,0,0
BRDA:75,11,1,1
BRDA:75,12,0,1
BRDA:75,12,1,1
BRDA:79,13,0,1
BRDA:79,13,1,0
BRF:28
BRH:11
end_of_record
TN:
SF:src/services/user.service.ts
FN:7,(anonymous_7)
FN:12,(anonymous_8)
FN:12,(anonymous_9)
FN:33,(anonymous_10)
FN:37,(anonymous_11)
FN:77,(anonymous_12)
FN:77,(anonymous_13)
FNF:7
FNH:3
FNDA:1,(anonymous_7)
FNDA:1,(anonymous_8)
FNDA:1,(anonymous_9)
FNDA:0,(anonymous_10)
FNDA:0,(anonymous_11)
FNDA:0,(anonymous_12)
FNDA:0,(anonymous_13)
DA:3,1
DA:5,1
DA:7,1
DA:12,1
DA:13,1
DA:14,1
DA:15,1
DA:16,1
DA:17,0
DA:20,1
DA:21,1
DA:22,0
DA:24,1
DA:26,0
DA:33,1
DA:37,0
DA:38,0
DA:39,0
DA:40,0
DA:41,0
DA:42,0
DA:43,0
DA:46,0
DA:47,0
DA:48,0
DA:51,0
DA:56,0
DA:57,0
DA:60,0
DA:62,0
DA:70,0
DA:77,1
DA:78,0
DA:79,0
DA:80,0
DA:81,0
DA:82,0
DA:84,0
DA:89,0
DA:90,0
DA:93,0
DA:95,0
DA:103,0
LF:43
LH:13
BRDA:16,0,0,0
BRDA:16,0,1,1
BRDA:21,1,0,0
BRDA:21,1,1,1
BRDA:21,2,0,1
BRDA:21,2,1,0
BRDA:42,3,0,0
BRDA:42,3,1,0
BRDA:47,4,0,0
BRDA:47,4,1,0
BRDA:56,5,0,0
BRDA:56,5,1,0
BRDA:81,6,0,0
BRDA:81,6,1,0
BRDA:89,7,0,0
BRDA:89,7,1,0
BRF:16
BRH:3
end_of_record
TN:
SF:src/services/requests/Google.ts
FN:15,(anonymous_7)
FN:40,(anonymous_8)
FN:40,(anonymous_9)
FN:52,(anonymous_10)
FN:52,(anonymous_11)
FNF:5
FNH:0
FNDA:0,(anonymous_7)
FNDA:0,(anonymous_8)
FNDA:0,(anonymous_9)
FNDA:0,(anonymous_10)
FNDA:0,(anonymous_11)
DA:1,3
DA:2,3
DA:7,3
DA:13,3
DA:15,3
DA:16,0
DA:17,0
DA:18,0
DA:20,0
DA:21,0
DA:22,0
DA:24,0
DA:25,0
DA:27,0
DA:28,0
DA:32,0
DA:35,3
DA:40,0
DA:41,0
DA:43,0
DA:45,0
DA:50,0
DA:52,0
DA:53,0
DA:54,0
DA:55,0
DA:57,0
LF:27
LH:6
BRDA:21,0,0,0
BRDA:21,0,1,0
BRDA:24,1,0,0
BRDA:24,1,1,0
BRDA:27,2,0,0
BRDA:27,2,1,0
BRDA:27,3,0,0
BRDA:27,3,1,0
BRDA:54,4,0,0
BRDA:54,4,1,0
BRDA:54,5,0,0
BRDA:54,5,1,0
BRF:12
BRH:0
end_of_record
TN:
SF:src/services/requests/Stripe.ts
FN:6,(anonymous_8)
FN:6,(anonymous_9)
FNF:2
FNH:0
FNDA:0,(anonymous_8)
FNDA:0,(anonymous_9)
DA:1,3
DA:3,3
DA:5,3
DA:6,0
DA:7,0
DA:13,0
LF:6
LH:3
BRF:0
BRH:0
end_of_record
TN:
SF:src/services/requests/index.ts
FNF:0
FNH:0
DA:1,3
DA:2,3
LF:2
LH:2
BRF:0
BRH:0
end_of_record
